[02:14:58.686916 2019-12-22] Error: invalid literal for int() with base 10: ''
[02:14:58.776135 2019-12-22] Error: invalid literal for int() with base 10: 'eo aldi ie93R:Tmotecee nln 0!RF: Asseto ale nln 2\n'
[02:14:58.862648 2019-12-22] Error: invalid literal for int() with base 10: 'RF imeot xeddi ie85\n'
[02:14:58.863905 2019-12-22] Error: invalid literal for int() with base 10: 'seto aldi ie 2\n'
[02:15:54.349180 2019-12-22] Error: invalid literal for int() with base 10: 'R:Tmotecee nln 0!RF: Asserinfie nln 23'
[02:15:54.423465 2019-12-22] Error: invalid literal for int() with base 10: 'R:Tmotecee nln 0!\n'
[02:15:54.424765 2019-12-22] Error: invalid literal for int() with base 10: 'Asrinfie nln 2\n'
[02:15:54.686812 2019-12-22] Error: invalid literal for int() with base 10: 'R:Tieu xeddi ie 0!RF: Assetinfie nln 23R:Tmotecee nln 0!RF: Aseinfie nln 23R:Tmoteceei ie85\n'
[10:08:38.123524 2020-02-05] Error: invalid literal for int() with base 10: ''
[10:08:38.211374 2020-02-05] Error: invalid literal for int() with base 10: 'aldi ie93R: ieu xeddi ie85\n'
[StoreThread] Starting thread
[ExportThread] Starting thread
[Python]: sleeping
[Python]: sleeping
[Python]: sleeping
[Python]: sleeping
[Python]: sleeping
[Python]: sleeping
[Python]: sleeping
[Python]: sleeping
[Python]: sleeping
[Python]: sleeping
[Python]: sleeping
[Python]: sleeping
[Python]: sleeping
[Python]: sleeping
[Python]: sleeping
[Python]: sleeping
[Python]: sleeping
[Python]: sleeping
[Python]: sleeping
[Python]: sleeping
[Python]: sleeping
[Python]: sleeping
[Python]: sleeping
[Python]: sleeping
[Python]: sleeping
[Python]: sleeping
[Python]: sleeping
[Python]: sleeping
[Python]: sleeping
[Python]: sleeping
[Python]: sleeping
[Python]: sleeping
[Python]: sleeping
[Python]: sleeping
[Python]: sleeping
[Python]: sleeping
[Python]: sleeping
[Python]: sleeping
[Python]: sleeping
[Python]: sleeping
[Python]: sleeping
[Python]: sleeping
[Python]: sleeping
[Python]: sleeping
[Python]: sleeping
[Python]: sleeping
[Python]: sleeping
[Python]: sleeping
[Python]: sleeping
[Python]: sleeping
[Python]: sleeping
[Python]: sleeping
[Python]: sleeping
[Python]: sleeping
[Python]: sleeping
[Python]: sleeping
[Python]: sleeping
[Python]: sleeping
[Python]: sleeping
[Python]: sleeping
[Python]: sleeping
[Python]: sleeping
[Python]: sleeping
[Python]: sleeping
[Python]: sleeping
[Python]: sleeping
[Python]: sleeping
[Python]: sleeping
[Python]: sleeping
[Python]: sleeping
[Python]: sleeping
[Python]: sleeping
[Python]: sleeping
[Python]: sleeping
[Python]: sleeping
[Python]: sleeping
[Python]: sleeping
[Python]: sleeping
[Python]: sleeping
[Python]: sleeping
[Python]: sleeping
[Python]: sleeping
[Python]: sleeping
[Python]: sleeping
[Python]: sleeping
[Python]: sleeping
[Python]: sleeping
[Python]: sleeping
[Python]: sleeping
[Python]: sleeping
[Python]: sleeping
[Python]: sleeping
[Python]: sleeping
[Python]: sleeping
[Python]: sleeping
[Python]: sleeping
[Python]: sleeping
[Python]: sleeping
[Python]: sleeping
[Python]: sleeping
[Python]: sleeping
[Python]: sleeping
[Python]: sleeping
[Python]: sleeping
[Python]: sleeping
[Python]: sleeping
[Python]: sleeping
[Python]: sleeping
[Python]: sleeping
[Python]: sleeping
[Python]: sleeping
[Python]: sleeping
[Python]: sleeping
[Python]: sleeping
[Python]: sleeping
[Python]: sleeping
[Python]: sleeping
[Python]: sleeping
[Python]: sleeping
[Python]: sleeping
[Python]: sleeping
[Python]: sleeping
[Python]: sleeping
[Python]: sleeping
[Python]: sleeping
[Python]: sleeping
[Python]: sleeping
[Python]: sleeping
[Python]: sleeping
[Python]: sleeping
[Python]: sleeping
[Python]: sleeping
[Python]: sleeping
[Python]: sleeping
[Python]: sleeping
[Python]: sleeping
[Python]: sleeping
[Python]: sleeping
[Python]: sleeping
[Python]: sleeping
[Python]: sleeping
[Python]: sleeping
[Python]: sleeping
[Python]: sleeping
[Python]: sleeping
[Python]: sleeping
[Python]: sleeping
[Python]: sleeping
[Python]: sleeping
[Python]: sleeping
[Python]: sleeping
[Python]: sleeping
[Python]: sleeping
[Python]: sleeping
[Python]: sleeping
[Python]: sleeping
[Python]: sleeping
[Python]: sleeping
[Python]: sleeping
[Python]: sleeping
[Python]: sleeping
[Python]: sleeping
[Python]: sleeping
[Python]: sleeping
[Python]: sleeping
[Python]: sleeping
[Python]: sleeping
[Python]: sleeping
[Python]: sleeping
[Python]: sleeping
[Python]: sleeping
[Python]: sleeping
[Python]: sleeping
[Python]: sleeping
[Python]: sleeping
[Python]: sleeping
[Python]: sleeping
[Python]: sleeping
[Python]: sleeping
[Python]: sleeping
[Python]: sleeping
[Python]: sleeping
[Python]: sleeping
[Python]: sleeping
[Python]: sleeping
[Python]: sleeping
[Python]: sleeping
[Python]: sleeping
[Python]: sleeping
[Python]: sleeping
[Python]: sleeping
[Python]: sleeping
[Python]: sleeping
[Python]: sleeping
[Python]: sleeping
[Python]: sleeping
[Python]: sleeping
[Python]: sleeping
[Python]: sleeping
[Python]: sleeping
[Python]: sleeping
[Python]: sleeping
[Python]: sleeping
[Python]: sleeping
[Python]: sleeping
[Python]: sleeping
[Python]: sleeping
[Python]: sleeping
[Python]: sleeping
[Python]: sleeping
[Python]: sleeping
[Python]: sleeping
[Python]: sleeping
[Python]: sleeping
[Python]: sleeping
[Python]: sleeping
[Python]: sleeping
[Python]: sleeping
[Python]: sleeping
[Python]: sleeping
[Python]: sleeping
[Python]: sleeping
[Python]: sleeping
[Python]: sleeping
[Python]: sleeping
[Python]: sleeping
[Python]: sleeping
[Python]: sleeping
[Python]: sleeping
[Python]: sleeping
[Python]: sleeping
[Python]: sleeping
[Python]: sleeping
[Python]: sleeping
[Python]: sleeping
[Python]: sleeping
[Python]: sleeping
[Python]: sleeping
[Python]: sleeping
[Python]: sleeping
[Python]: sleeping
[Python]: sleeping
[Python]: sleeping
[Python]: sleeping
[Python]: sleeping
[Python]: sleeping
[Python]: sleeping
[Python]: sleeping
[Python]: sleeping
[Python]: sleeping
[Python]: sleeping
[Python]: sleeping
[Python]: sleeping
[Python]: sleeping
[Python]: sleeping
[Python]: sleeping
[Python]: sleeping
[Python]: sleeping
[Python]: sleeping
[Python]: sleeping
[Python]: sleeping
[Python]: sleeping
[Python]: sleeping
[Python]: sleeping
[Python]: sleeping
[Python]: sleeping
[Python]: sleeping
[Python]: sleeping
[Python]: sleeping
[Python]: sleeping
[Python]: sleeping
[Python]: sleeping
[Python]: sleeping
[Python]: sleeping
[Python]: sleeping
[Python]: sleeping
[Python]: sleeping
[Python]: sleeping
[Python]: sleeping
[Python]: sleeping
[Python]: sleeping
[Python]: sleeping
[Python]: sleeping
[Python]: sleeping
[Python]: sleeping
[Python]: sleeping
[Python]: sleeping
[Python]: sleeping
[Python]: sleeping
[Python]: sleeping
[Python]: sleeping
[Python]: sleeping
[Python]: sleeping
[Python]: sleeping
[Python]: sleeping
[Python]: sleeping
[Python]: sleeping
[Python]: sleeping
[Python]: sleeping
[Python]: sleeping
[Python]: sleeping
[Python]: sleeping
[Python]: sleeping
[Python]: sleeping
[Python]: sleeping
[Python]: sleeping
[Python]: sleeping
[Python]: sleeping
[Python]: sleeping
[Python]: sleeping
[Python]: sleeping
[Python]: sleeping
[Python]: sleeping
[Python]: sleeping
[Python]: sleeping
[Python]: sleeping
[Python]: sleeping
[Python]: sleeping
[Python]: sleeping
[Python]: sleeping
[Python]: sleeping
[Python]: sleeping
[Python]: sleeping
[Python]: sleeping
[Python]: sleeping
[Python]: sleeping
[Python]: sleeping
[Python]: sleeping
[Python]: sleeping
[Python]: sleeping
[Python]: sleeping
[Python]: sleeping
[Python]: sleeping
[Python]: sleeping
[Python]: sleeping
[Python]: sleeping
[Python]: sleeping
[Python]: sleeping
[Python]: sleeping
[Python]: sleeping
[Python]: sleeping
[Python]: sleeping
[Python]: sleeping
[Python]: sleeping
[Python]: sleeping
[Python]: sleeping
[Python]: sleeping
[Python]: sleeping
[Python]: sleeping
[Python]: sleeping
[Python]: sleeping
[Python]: sleeping
[Python]: sleeping
[Python]: sleeping
[Python]: sleeping
[Python]: sleeping
[Python]: sleeping
[Python]: sleeping
[Python]: sleeping
[Python]: sleeping
[Python]: sleeping
[Python]: sleeping
[Python]: sleeping
[Python]: sleeping
[Python]: sleeping
[Python]: sleeping
[Python]: sleeping
[Python]: sleeping
[Python]: sleeping
[Python]: sleeping
[Python]: sleeping
[Python]: sleeping
[Python]: sleeping
[Python]: sleeping
[Python]: sleeping
[Python]: sleeping
[Python]: sleeping
[Python]: sleeping
[Python]: sleeping
[Python]: sleeping
[Python]: sleeping
[Python]: sleeping
[Python]: sleeping
[Python]: sleeping
[Python]: sleeping
[Python]: sleeping
[Python]: sleeping
[Python]: sleeping
[Python]: sleeping
[Python]: sleeping
[Python]: sleeping
[Python]: sleeping
[Python]: sleeping
[Python]: sleeping
[Python]: sleeping
[Python]: sleeping
[Python]: sleeping
[Python]: sleeping
[Python]: sleeping
[Python]: sleeping
[Python]: sleeping
[Python]: sleeping
[Python]: sleeping
[Python]: sleeping
[Python]: sleeping
[Python]: sleeping
[Python]: sleeping
[Python]: sleeping
[Python]: sleeping
[Python]: sleeping
[Python]: sleeping
[Python]: sleeping
[Python]: sleeping
[Python]: sleeping
[Python]: sleeping
[Python]: sleeping
[Python]: sleeping
[Python]: sleeping
[Python]: sleeping
[Python]: sleeping
[Python]: sleeping
[Python]: sleeping
[Python]: sleeping
[Python]: sleeping
[Python]: sleeping
[Python]: sleeping
[Python]: sleeping
[Python]: sleeping[StoreThread] Starting thread
[ExportThread] Starting thread
[Firefly]: new data available in serial
[14:39:18.704687 2020-02-08] Data from mote 5 saved
[Python] Error saving to thingspeak: HTTPSConnectionPool(host='api.thingspeak.com', port=443): Max retries exceeded with url: //update.json?field8=107&api_key=5SBH0O6OFDJMGNPU&field2=2.861&field3=23.58&field1=17.858&field6=282.24&field7=-66&field4=3.66&field5=68658.16 (Caused by NewConnectionError('<urllib3.connection.VerifiedHTTPSConnection object at 0x75718190>: Failed to establish a new connection: [Errno -3] Temporary failure in name resolution',))
[Firefly]: new data available in serial
[14:39:31.961595 2020-02-08] Data from mote 7 saved
[Python]: export to Thingspeak (HTTP response: {"channel_id":984219,"created_at":"2020-02-08T06:41:48Z","entry_id":1,"field1":"23.81","field2":"2.824","field3":"23.22","field4":"3.62","field5":"67770.24","field6":"291.32","field7":"-72","field8":"108","latitude":null,"longitude":null,"elevation":null,"status":null})
[Firefly]: new data available in serial
[14:40:07.728061 2020-02-08] Data from mote 6 saved
[Python] Error saving to thingspeak: 'NoneType' object has no attribute 'update'
[Firefly]: new data available in serial
[15:04:21.779504 2020-02-08] Data from mote 7 saved
[Python]: export to Thingspeak (HTTP response: {"channel_id":984219,"created_at":"2020-02-08T07:07:51Z","entry_id":2,"field1":"25.0","field2":"2.823","field3":"337.04","field4":"87.41","field5":"5.86","field6":"6942.54","field7":"-64","field8":"108","latitude":null,"longitude":null,"elevation":null,"status":null})
[Firefly]: new data available in serial
[15:09:20.509535 2020-02-08] Data from mote 6 saved
[Python] Error saving to thingspeak: 'NoneType' object has no attribute 'update'
[Firefly]: new data available in serial
[15:10:06.212536 2020-02-08] Data from mote 5 saved
[Python]: export to Thingspeak (HTTP response: {"channel_id":985194,"created_at":"2020-02-08T07:11:55Z","entry_id":1,"field1":"19.048","field2":"2.861","field3":"416.96","field4":"106.95","field5":"103.97","field6":"8222.78","field7":"-60","field8":"108","latitude":null,"longitude":null,"elevation":null,"status":null})
[Firefly]: new data available in serial
[15:10:14.104696 2020-02-08] Data from mote 8 saved
[Python] Error saving to thingspeak: list index out of range
[Firefly]: new data available in serial
[15:40:07.839506 2020-02-08] Data from mote 5 saved
[Python]: export to Thingspeak (HTTP response: {"channel_id":985194,"created_at":"2020-02-08T07:43:55Z","entry_id":2,"field1":"19.048","field2":"2.859","field3":"445.19","field4":"114.26","field5":"103.93","field6":"8736.52","field7":"-68","field8":"108","latitude":null,"longitude":null,"elevation":null,"status":null})
[Firefly]: new data available in serial
[15:45:56.189506 2020-02-08] Data from mote 7 saved
[Python] Error saving to thingspeak: HTTPSConnectionPool(host='api.thingspeak.com', port=443): Max retries exceeded with url: //update.json?field8=107&api_key=RRSNFXD754I2O0L4&field2=2.823&field3=504.73&field1=24.524&field6=10340.33&field7=-81&field4=131.07&field5=14.64 (Caused by SSLError(SSLError("bad handshake: SysCallError(-1, 'Unexpected EOF')",),))
[Firefly]: new data available in serial
[15:49:33.184183 2020-02-08] Data from mote 6 saved
[Python] Error saving to thingspeak: 'NoneType' object has no attribute 'update'
[Firefly]: new data available in serial
[16:10:05.048496 2020-02-08] Data from mote 8 saved
[Python] Error saving to thingspeak: list index out of range
[Firefly]: new data available in serial
[16:41:01.059503 2020-02-08] Data from mote 5 saved
[Python]: export to Thingspeak (HTTP response: {"channel_id":985194,"created_at":"2020-02-08T08:43:19Z","entry_id":3,"field1":"20.0","field2":"2.855","field3":"872.07","field4":"224.65","field5":"103.82","field6":"17315.44","field7":"-68","field8":"108","latitude":null,"longitude":null,"elevation":null,"status":null})
[Firefly]: new data available in serial
[16:41:37.703778 2020-02-08] Data from mote 7 saved
[Python]: export to Thingspeak (HTTP response: {"channel_id":984